<?xml version="1.0" encoding="UTF-8"?>
<!-- Generated by org.testng.reporters.JUnitReportReporter -->
<testsuite hostname="AUTOMATION-LAB" failures="0" tests="1" name="qsp.Demo2" time="0.001" errors="0" timestamp="2024-09-20T11:44:19 IST" skipped="0">
  <testcase classname="qsp.Demo2" name="test3" time="0.001">
    <system-out>
      <![CDATA[hello bangalore]]>
    </system-out>
  </testcase> <!-- test3 -->
  <system-out>
    <![CDATA[hello world
hello India
hello bangalore]]>
  </system-out>
</testsuite> <!-- qsp.Demo2 -->
