<?xml version="1.0" encoding="UTF-8"?>
<!-- Generated by org.testng.reporters.JUnitReportReporter -->
<testsuite hostname="AUTOMATION-LAB" failures="0" tests="2" name="qsp.Demo1" time="0.007" errors="0" timestamp="2024-09-20T11:44:19 IST" skipped="0">
  <testcase classname="qsp.Demo1" name="test2" time="0.002">
    <system-out>
      <![CDATA[hello India]]>
    </system-out>
  </testcase> <!-- test2 -->
  <testcase classname="qsp.Demo1" name="test1" time="0.005">
    <system-out>
      <![CDATA[hello world]]>
    </system-out>
  </testcase> <!-- test1 -->
  <system-out>
    <![CDATA[hello world
hello India
hello bangalore]]>
  </system-out>
</testsuite> <!-- qsp.Demo1 -->
